Begin Time:2024-11-13T17:18:37.030
[2024-11-13T17:18:37.030 info Netsdk:69989 26072:14960 AVNetSDKMgr.cpp:504]Load avnetsdk library dynamically
[2024-11-13T17:18:37.034 info Netsdk:69989 26072:14960 AVNetSDKMgr.cpp:549]avnetsdk module handle: 0000028D71D10000

[2024-11-13T17:18:37.034 info Netsdk:69989 26072:14960 AVNetSDKMgr.cpp:823]Load configsdk dynamically
[2024-11-13T17:18:37.036 info Netsdk:69989 26072:14960 netsdk.cpp:302]Enter CLIENT_SetAutoReconnect:[cbAutoConnect=0000028D27FF0050, dwUser=0000000000000000].
[2024-11-13T17:18:37.036 info Netsdk:69989 26072:14960 netsdk.cpp:304]Leave CLIENT_SetAutoReconnect.
[2024-11-13T17:18:37.036 info Netsdk:69989 26072:14960 netsdk.cpp:326]Enter CLIENT_SetConnectTime:[nWaitTime=5000, nTryTimes=1].
[2024-11-13T17:18:37.036 info Netsdk:69989 26072:14960 netsdk.cpp:339]Leave CLIENT_SetConnectTime.
[2024-11-13T17:18:37.038 info Netsdk:69989 26072:14960 netsdk.cpp:352]Enter CLIENT_SetNetworkParam:[nWaittime=0, nConnectTime=10000, nConnectTryNum=0, nSubConnectSpaceTime=0, nGetDevInfoTime=3000, nConnectBufSize=0, nGetConnInfoTime=3000, nSearchRecordTime=0, nsubDisconnetTime=0, byNetType=0, byPlaybackBufSize=0, bDetectDisconnTime=0, bKeepLifeInterval=0, nPicBufSize=0].
[2024-11-13T17:18:37.038 info Netsdk:69989 26072:14960 netsdk.cpp:367]Leave CLIENT_SetNetworkParam.
[2024-11-13T17:18:37.039 info Netsdk:69989 26072:14960 netsdk.cpp:8375]Enter CLIENT_ListenServer. [ip=192.168.50.227, port=9500, nTimeout=1000, cbListen=0000028D27FF0090, dwUserData=0000000000000000.]
[2024-11-13T17:18:37.039 info Netsdk:69989 26072:14960 netsdk.cpp:8379]Leave CLIENT_ListenServer.[ret=1875820864.]
[2024-11-13T17:18:39.932 info Netsdk:69989 26072:27228 TcpListenSocket.cpp:104]DoAccept DealNewSocket Get Ip and Port is 192.168.40.109:52748
[2024-11-13T17:18:42.798 error Netsdk:69989 26072:4488 TPIOCPMultiplexer.cpp:161]iocp disconnected by remote host or something:GetLastError:0
[2024-11-13T17:18:42.798 error Netsdk:69989 26072:4488 TPTCPClient.cpp:314]Disconnect, ip:192.168.40.109, port is 52748
[2024-11-13T17:18:42.798 error Netsdk:69989 26072:4488 TcpSocket.cpp:578]Disconnect, ip:192.168.40.109, port:52748
[2024-11-13T17:18:42.803 info Netsdk:69989 26072:27228 TcpListenSocket.cpp:104]DoAccept DealNewSocket Get Ip and Port is 192.168.40.109:52750
[2024-11-13T17:18:43.004 info Netsdk:69989 26072:21992 Manager.cpp:1844]Device ip 192.168.40.109, port 52750, connectID is 0, chn is 0, serial is C492DF5C47424A389569270C71667CCE, registed
[2024-11-13T17:18:43.022 info Netsdk:69989 26072:21992 netsdk.cpp:991]Enter CLIENT_LoginWithHighLevelSecurity. pstInParam:0000028D7086C890, pstOutParam:0000028D707DE500.
[2024-11-13T17:18:43.022 info Netsdk:69989 26072:21992 netsdk.cpp:1007]IP:192.168.40.109, port:52750, SpeCap:2, CapParam:0000028D6D4DF030, TLSCap:0
[2024-11-13T17:18:43.022 info Netsdk:69989 26072:21992 devprob.cpp:4167]try_connect_autoregdev: Login to Device is 0000028D6FD02F50 ip is 192.168.40.109, port is 52750
[2024-11-13T17:18:43.150 info Netsdk:69989 26072:21992 netsdk.cpp:1054]Leave CLIENT_LoginWithHighLevelSecurity. error:0, login ID:0000028D6FD02F50.
[2024-11-13T17:18:43.165 error Netsdk:69989 26072:4488 JsonParser.cpp:6322]result : false, error code : 0x10070002
[2024-11-13T17:19:53.788 info Netsdk:69989 26072:21720 netsdk.cpp:35165]Enter CLIENT_OperateAccessFaceService. [lLoginID=0000028D6FD02F50, type=2, nWaitTime=5000]
[2024-11-13T17:19:53.925 error Netsdk:69989 26072:21720 JsonParser.cpp:6322]result : false, error code : 0x10030110
[2024-11-13T17:19:53.927 info Netsdk:69989 26072:21720 netsdk.cpp:35190]Leave CLIENT_OperateAccessFaceService.ret:0.
[2024-11-13T17:19:53.927 info Netsdk:69989 26072:21720 netsdk.cpp:8224]Enter CLIENT_GetLastError.
[2024-11-13T17:19:53.927 info Netsdk:69989 26072:21720 netsdk.cpp:8227]Leave CLIENT_GetLastError.[Error code=800004b5.]
[2024-11-13T17:19:53.927 info Netsdk:69989 26072:21720 netsdk.cpp:8224]Enter CLIENT_GetLastError.
[2024-11-13T17:19:53.927 info Netsdk:69989 26072:21720 netsdk.cpp:8227]Leave CLIENT_GetLastError.[Error code=800004b5.]
[2024-11-13T17:21:49.641 info Netsdk:69989 26072:24920 netsdk.cpp:35165]Enter CLIENT_OperateAccessFaceService. [lLoginID=0000028D6FD02F50, type=2, nWaitTime=5000]
[2024-11-13T17:21:49.672 error Netsdk:69989 26072:24920 JsonParser.cpp:6322]result : false, error code : 0x10030110
[2024-11-13T17:21:49.672 info Netsdk:69989 26072:24920 netsdk.cpp:35190]Leave CLIENT_OperateAccessFaceService.ret:0.
[2024-11-13T17:21:49.672 info Netsdk:69989 26072:24920 netsdk.cpp:8224]Enter CLIENT_GetLastError.
[2024-11-13T17:21:49.672 info Netsdk:69989 26072:24920 netsdk.cpp:8227]Leave CLIENT_GetLastError.[Error code=800004b5.]
[2024-11-13T17:21:49.672 info Netsdk:69989 26072:24920 netsdk.cpp:8224]Enter CLIENT_GetLastError.
[2024-11-13T17:21:49.672 info Netsdk:69989 26072:24920 netsdk.cpp:8227]Leave CLIENT_GetLastError.[Error code=800004b5.]
[2024-11-13T17:22:19.323 info Netsdk:69989 26072:24920 netsdk.cpp:35165]Enter CLIENT_OperateAccessFaceService. [lLoginID=0000028D6FD02F50, type=2, nWaitTime=5000]
[2024-11-13T17:22:19.350 error Netsdk:69989 26072:24920 JsonParser.cpp:6322]result : false, error code : 0x10030110
[2024-11-13T17:22:19.350 info Netsdk:69989 26072:24920 netsdk.cpp:35190]Leave CLIENT_OperateAccessFaceService.ret:0.
[2024-11-13T17:22:19.350 info Netsdk:69989 26072:24920 netsdk.cpp:8224]Enter CLIENT_GetLastError.
[2024-11-13T17:22:19.350 info Netsdk:69989 26072:24920 netsdk.cpp:8227]Leave CLIENT_GetLastError.[Error code=800004b5.]
[2024-11-13T17:22:19.350 info Netsdk:69989 26072:24920 netsdk.cpp:8224]Enter CLIENT_GetLastError.
[2024-11-13T17:22:19.350 info Netsdk:69989 26072:24920 netsdk.cpp:8227]Leave CLIENT_GetLastError.[Error code=800004b5.]
[2024-11-13T17:23:43.176 info Netsdk:69989 26072:27388 netsdk.cpp:34889]Enter CLIENT_OperateAccessUserService. [lLoginID=0000028D6FD02F50, type=0, nWaitTime=3000]
[2024-11-13T17:23:43.212 info Netsdk:69989 26072:27388 netsdk.cpp:34907]Leave CLIENT_OperateAccessUserService.ret:1.
[2024-11-13T17:23:43.985 info Netsdk:69989 26072:27388 netsdk.cpp:35165]Enter CLIENT_OperateAccessFaceService. [lLoginID=0000028D6FD02F50, type=2, nWaitTime=5000]
[2024-11-13T17:23:44.262 info Netsdk:69989 26072:27388 netsdk.cpp:35190]Leave CLIENT_OperateAccessFaceService.ret:1.
